<?xml version="1.0" encoding="UTF-8"?>
<!-- Generated by org.testng.reporters.JUnitReportReporter -->
<testsuite skipped="0" hostname="HEMA" name="script.Scheduling.DayView" tests="1" failures="0" timestamp="06 Feb 2018 10:37:25 GMT" time="170.416" errors="0">
  <testcase name="testDayView" time="170.416" classname="script.Scheduling.DayView"/>
</testsuite> <!-- script.Scheduling.DayView -->
