<?xml version="1.0" encoding="UTF-8"?>
<!-- Generated by org.testng.reporters.JUnitReportReporter -->
<testsuite skipped="0" hostname="HEMA" name="script.Scheduling.WeekView" tests="2" failures="0" timestamp="06 Feb 2018 10:27:48 GMT" time="183.853" errors="0">
  <testcase name="testWeekView" time="183.816" classname="script.Scheduling.WeekView"/>
  <testcase name="testisPatientPresent" time="0.037" classname="script.Scheduling.WeekView"/>
</testsuite> <!-- script.Scheduling.WeekView -->
