<?xml version="1.0" encoding="UTF-8"?>
<!-- Generated by org.testng.reporters.JUnitReportReporter -->
<testsuite skipped="0" hostname="HEMA" name="script.Ledger.Ledger_Add" tests="4" failures="0" timestamp="09 Feb 2018 06:16:42 GMT" time="233.561" errors="0">
  <testcase name="testLogin" time="47.244" classname="script.Ledger.Ledger_Add"/>
  <testcase name="testLedger_Edit" time="61.824" classname="script.Ledger.Ledger_Add"/>
  <testcase name="testLedger_Add" time="88.824" classname="script.Ledger.Ledger_Add"/>
  <testcase name="testLedger_Delete" time="35.669" classname="script.Ledger.Ledger_Add"/>
</testsuite> <!-- script.Ledger.Ledger_Add -->
