<?xml version="1.0" encoding="UTF-8"?>
<!-- Generated by org.testng.reporters.JUnitReportReporter -->
<testsuite skipped="0" hostname="HEMA" name="script.Scheduling.MonthView" tests="1" failures="0" timestamp="08 Feb 2018 09:18:21 GMT" time="218.755" errors="0">
  <testcase name="testMonthView" time="218.755" classname="script.Scheduling.MonthView"/>
</testsuite> <!-- script.Scheduling.MonthView -->
