<?xml version="1.0" encoding="UTF-8"?>
<!-- Generated by org.testng.reporters.JUnitReportReporter -->
<testsuite skipped="0" hostname="HEMA" name="generic.BaseTest" tests="1" failures="0" timestamp="06 Feb 2018 05:36:17 GMT" time="40.903" errors="0">
  <testcase name="testValidLogin" time="40.903" classname="generic.BaseTest"/>
</testsuite> <!-- generic.BaseTest -->
